[2023-06-17 03:34:43] local.ERROR: SQLSTATE[HY000] [2002] No connection could be made because the target machine actively refused it (SQL: select `value`, `key` from `settings` where `active` is not null) {"exception":"[object] (Illuminate\\Database\\QueryException(code: 2002): SQLSTATE[HY000] [2002] No connection could be made because the target machine actively refused it (SQL: select `value`, `key` from `settings` where `active` is not null) at D:\\php7 laravel\\beauty press\\vendor\\laravel\\framework\\src\\Illuminate\\Database\\Connection.php:712)
[stacktrace]
#0 D:\\php7 laravel\\beauty press\\vendor\\laravel\\framework\\src\\Illuminate\\Database\\Connection.php(672): Illuminate\\Database\\Connection->runQueryCallback('select `value`,...', Array, Object(Closure))
#1 D:\\php7 laravel\\beauty press\\vendor\\laravel\\framework\\src\\Illuminate\\Database\\Connection.php(376): Illuminate\\Database\\Connection->run('select `value`,...', Array, Object(Closure))
#2 D:\\php7 laravel\\beauty press\\vendor\\laravel\\framework\\src\\Illuminate\\Database\\Query\\Builder.php(2414): Illuminate\\Database\\Connection->select('select `value`,...', Array, true)
#3 D:\\php7 laravel\\beauty press\\vendor\\laravel\\framework\\src\\Illuminate\\Database\\Query\\Builder.php(2626): Illuminate\\Database\\Query\\Builder->runSelect()
#4 D:\\php7 laravel\\beauty press\\vendor\\laravel\\framework\\src\\Illuminate\\Database\\Query\\Builder.php(2936): Illuminate\\Database\\Query\\Builder->Illuminate\\Database\\Query\\{closure}()
#5 D:\\php7 laravel\\beauty press\\vendor\\laravel\\framework\\src\\Illuminate\\Database\\Query\\Builder.php(2628): Illuminate\\Database\\Query\\Builder->onceWithColumns(Array, Object(Closure))
#6 D:\\php7 laravel\\beauty press\\vendor\\laravel\\framework\\src\\Illuminate\\Database\\Eloquent\\Builder.php(775): Illuminate\\Database\\Query\\Builder->pluck('value', 'key')
#7 D:\\php7 laravel\\beauty press\\app\\Providers\\SettingsServiceProvider.php(33): Illuminate\\Database\\Eloquent\\Builder->pluck('value', 'key')
#8 D:\\php7 laravel\\beauty press\\vendor\\laravel\\framework\\src\\Illuminate\\Cache\\Repository.php(391): App\\Providers\\SettingsServiceProvider->App\\Providers\\{closure}()
#9 D:\\php7 laravel\\beauty press\\vendor\\laravel\\framework\\src\\Illuminate\\Cache\\CacheManager.php(418): Illuminate\\Cache\\Repository->remember('settings', 360, Object(Closure))
#10 D:\\php7 laravel\\beauty press\\vendor\\laravel\\framework\\src\\Illuminate\\Support\\Facades\\Facade.php(261): Illuminate\\Cache\\CacheManager->__call('remember', Array)
#11 D:\\php7 laravel\\beauty press\\app\\Providers\\SettingsServiceProvider.php(34): Illuminate\\Support\\Facades\\Facade::__callStatic('remember', Array)
#12 D:\\php7 laravel\\beauty press\\vendor\\laravel\\framework\\src\\Illuminate\\Container\\BoundMethod.php(36): App\\Providers\\SettingsServiceProvider->boot(Object(App\\Models\\Content\\Setting))
#13 D:\\php7 laravel\\beauty press\\vendor\\laravel\\framework\\src\\Illuminate\\Container\\Util.php(40): Illuminate\\Container\\BoundMethod::Illuminate\\Container\\{closure}()
#14 D:\\php7 laravel\\beauty press\\vendor\\laravel\\framework\\src\\Illuminate\\Container\\BoundMethod.php(93): Illuminate\\Container\\Util::unwrapIfClosure(Object(Closure))
#15 D:\\php7 laravel\\beauty press\\vendor\\laravel\\framework\\src\\Illuminate\\Container\\BoundMethod.php(37): Illuminate\\Container\\BoundMethod::callBoundMethod(Object(Illuminate\\Foundation\\Application), Array, Object(Closure))
#16 D:\\php7 laravel\\beauty press\\vendor\\laravel\\framework\\src\\Illuminate\\Container\\Container.php(653): Illuminate\\Container\\BoundMethod::call(Object(Illuminate\\Foundation\\Application), Array, Array, NULL)
#17 D:\\php7 laravel\\beauty press\\vendor\\laravel\\framework\\src\\Illuminate\\Foundation\\Application.php(924): Illuminate\\Container\\Container->call(Array)
#18 D:\\php7 laravel\\beauty press\\vendor\\laravel\\framework\\src\\Illuminate\\Foundation\\Application.php(905): Illuminate\\Foundation\\Application->bootProvider(Object(App\\Providers\\SettingsServiceProvider))
#19 [internal function]: Illuminate\\Foundation\\Application->Illuminate\\Foundation\\{closure}(Object(App\\Providers\\SettingsServiceProvider), 46)
#20 D:\\php7 laravel\\beauty press\\vendor\\laravel\\framework\\src\\Illuminate\\Foundation\\Application.php(906): array_walk(Array, Object(Closure))
#21 D:\\php7 laravel\\beauty press\\vendor\\laravel\\framework\\src\\Illuminate\\Foundation\\Bootstrap\\BootProviders.php(17): Illuminate\\Foundation\\Application->boot()
#22 D:\\php7 laravel\\beauty press\\vendor\\laravel\\framework\\src\\Illuminate\\Foundation\\Application.php(237): Illuminate\\Foundation\\Bootstrap\\BootProviders->bootstrap(Object(Illuminate\\Foundation\\Application))
#23 D:\\php7 laravel\\beauty press\\vendor\\laravel\\framework\\src\\Illuminate\\Foundation\\Console\\Kernel.php(310): Illuminate\\Foundation\\Application->bootstrapWith(Array)
#24 D:\\php7 laravel\\beauty press\\vendor\\laravel\\framework\\src\\Illuminate\\Foundation\\Console\\Kernel.php(127): Illuminate\\Foundation\\Console\\Kernel->bootstrap()
#25 Command line code(1): Illuminate\\Foundation\\Console\\Kernel->handle(Object(Symfony\\Component\\Console\\Input\\ArgvInput), Object(Symfony\\Component\\Console\\Output\\ConsoleOutput))
#26 {main}

[previous exception] [object] (PDOException(code: 2002): SQLSTATE[HY000] [2002] No connection could be made because the target machine actively refused it at D:\\php7 laravel\\beauty press\\vendor\\laravel\\framework\\src\\Illuminate\\Database\\Connectors\\Connector.php:70)
[stacktrace]
#0 D:\\php7 laravel\\beauty press\\vendor\\laravel\\framework\\src\\Illuminate\\Database\\Connectors\\Connector.php(70): PDO->__construct('mysql:host=127....', 'root', '', Array)
#1 D:\\php7 laravel\\beauty press\\vendor\\laravel\\framework\\src\\Illuminate\\Database\\Connectors\\Connector.php(46): Illuminate\\Database\\Connectors\\Connector->createPdoConnection('mysql:host=127....', 'root', '', Array)
#2 D:\\php7 laravel\\beauty press\\vendor\\laravel\\framework\\src\\Illuminate\\Database\\Connectors\\MySqlConnector.php(24): Illuminate\\Database\\Connectors\\Connector->createConnection('mysql:host=127....', Array, Array)
#3 D:\\php7 laravel\\beauty press\\vendor\\laravel\\framework\\src\\Illuminate\\Database\\Connectors\\ConnectionFactory.php(184): Illuminate\\Database\\Connectors\\MySqlConnector->connect(Array)
#4 [internal function]: Illuminate\\Database\\Connectors\\ConnectionFactory->Illuminate\\Database\\Connectors\\{closure}()
#5 D:\\php7 laravel\\beauty press\\vendor\\laravel\\framework\\src\\Illuminate\\Database\\Connection.php(1064): call_user_func(Object(Closure))
#6 D:\\php7 laravel\\beauty press\\vendor\\laravel\\framework\\src\\Illuminate\\Database\\Connection.php(1100): Illuminate\\Database\\Connection->getPdo()
#7 D:\\php7 laravel\\beauty press\\vendor\\laravel\\framework\\src\\Illuminate\\Database\\Connection.php(442): Illuminate\\Database\\Connection->getReadPdo()
#8 D:\\php7 laravel\\beauty press\\vendor\\laravel\\framework\\src\\Illuminate\\Database\\Connection.php(368): Illuminate\\Database\\Connection->getPdoForSelect(true)
#9 D:\\php7 laravel\\beauty press\\vendor\\laravel\\framework\\src\\Illuminate\\Database\\Connection.php(705): Illuminate\\Database\\Connection->Illuminate\\Database\\{closure}('select `value`,...', Array)
#10 D:\\php7 laravel\\beauty press\\vendor\\laravel\\framework\\src\\Illuminate\\Database\\Connection.php(672): Illuminate\\Database\\Connection->runQueryCallback('select `value`,...', Array, Object(Closure))
#11 D:\\php7 laravel\\beauty press\\vendor\\laravel\\framework\\src\\Illuminate\\Database\\Connection.php(376): Illuminate\\Database\\Connection->run('select `value`,...', Array, Object(Closure))
#12 D:\\php7 laravel\\beauty press\\vendor\\laravel\\framework\\src\\Illuminate\\Database\\Query\\Builder.php(2414): Illuminate\\Database\\Connection->select('select `value`,...', Array, true)
#13 D:\\php7 laravel\\beauty press\\vendor\\laravel\\framework\\src\\Illuminate\\Database\\Query\\Builder.php(2626): Illuminate\\Database\\Query\\Builder->runSelect()
#14 D:\\php7 laravel\\beauty press\\vendor\\laravel\\framework\\src\\Illuminate\\Database\\Query\\Builder.php(2936): Illuminate\\Database\\Query\\Builder->Illuminate\\Database\\Query\\{closure}()
#15 D:\\php7 laravel\\beauty press\\vendor\\laravel\\framework\\src\\Illuminate\\Database\\Query\\Builder.php(2628): Illuminate\\Database\\Query\\Builder->onceWithColumns(Array, Object(Closure))
#16 D:\\php7 laravel\\beauty press\\vendor\\laravel\\framework\\src\\Illuminate\\Database\\Eloquent\\Builder.php(775): Illuminate\\Database\\Query\\Builder->pluck('value', 'key')
#17 D:\\php7 laravel\\beauty press\\app\\Providers\\SettingsServiceProvider.php(33): Illuminate\\Database\\Eloquent\\Builder->pluck('value', 'key')
#18 D:\\php7 laravel\\beauty press\\vendor\\laravel\\framework\\src\\Illuminate\\Cache\\Repository.php(391): App\\Providers\\SettingsServiceProvider->App\\Providers\\{closure}()
#19 D:\\php7 laravel\\beauty press\\vendor\\laravel\\framework\\src\\Illuminate\\Cache\\CacheManager.php(418): Illuminate\\Cache\\Repository->remember('settings', 360, Object(Closure))
#20 D:\\php7 laravel\\beauty press\\vendor\\laravel\\framework\\src\\Illuminate\\Support\\Facades\\Facade.php(261): Illuminate\\Cache\\CacheManager->__call('remember', Array)
#21 D:\\php7 laravel\\beauty press\\app\\Providers\\SettingsServiceProvider.php(34): Illuminate\\Support\\Facades\\Facade::__callStatic('remember', Array)
#22 D:\\php7 laravel\\beauty press\\vendor\\laravel\\framework\\src\\Illuminate\\Container\\BoundMethod.php(36): App\\Providers\\SettingsServiceProvider->boot(Object(App\\Models\\Content\\Setting))
#23 D:\\php7 laravel\\beauty press\\vendor\\laravel\\framework\\src\\Illuminate\\Container\\Util.php(40): Illuminate\\Container\\BoundMethod::Illuminate\\Container\\{closure}()
#24 D:\\php7 laravel\\beauty press\\vendor\\laravel\\framework\\src\\Illuminate\\Container\\BoundMethod.php(93): Illuminate\\Container\\Util::unwrapIfClosure(Object(Closure))
#25 D:\\php7 laravel\\beauty press\\vendor\\laravel\\framework\\src\\Illuminate\\Container\\BoundMethod.php(37): Illuminate\\Container\\BoundMethod::callBoundMethod(Object(Illuminate\\Foundation\\Application), Array, Object(Closure))
#26 D:\\php7 laravel\\beauty press\\vendor\\laravel\\framework\\src\\Illuminate\\Container\\Container.php(653): Illuminate\\Container\\BoundMethod::call(Object(Illuminate\\Foundation\\Application), Array, Array, NULL)
#27 D:\\php7 laravel\\beauty press\\vendor\\laravel\\framework\\src\\Illuminate\\Foundation\\Application.php(924): Illuminate\\Container\\Container->call(Array)
#28 D:\\php7 laravel\\beauty press\\vendor\\laravel\\framework\\src\\Illuminate\\Foundation\\Application.php(905): Illuminate\\Foundation\\Application->bootProvider(Object(App\\Providers\\SettingsServiceProvider))
#29 [internal function]: Illuminate\\Foundation\\Application->Illuminate\\Foundation\\{closure}(Object(App\\Providers\\SettingsServiceProvider), 46)
#30 D:\\php7 laravel\\beauty press\\vendor\\laravel\\framework\\src\\Illuminate\\Foundation\\Application.php(906): array_walk(Array, Object(Closure))
#31 D:\\php7 laravel\\beauty press\\vendor\\laravel\\framework\\src\\Illuminate\\Foundation\\Bootstrap\\BootProviders.php(17): Illuminate\\Foundation\\Application->boot()
#32 D:\\php7 laravel\\beauty press\\vendor\\laravel\\framework\\src\\Illuminate\\Foundation\\Application.php(237): Illuminate\\Foundation\\Bootstrap\\BootProviders->bootstrap(Object(Illuminate\\Foundation\\Application))
#33 D:\\php7 laravel\\beauty press\\vendor\\laravel\\framework\\src\\Illuminate\\Foundation\\Console\\Kernel.php(310): Illuminate\\Foundation\\Application->bootstrapWith(Array)
#34 D:\\php7 laravel\\beauty press\\vendor\\laravel\\framework\\src\\Illuminate\\Foundation\\Console\\Kernel.php(127): Illuminate\\Foundation\\Console\\Kernel->bootstrap()
#35 Command line code(1): Illuminate\\Foundation\\Console\\Kernel->handle(Object(Symfony\\Component\\Console\\Input\\ArgvInput), Object(Symfony\\Component\\Console\\Output\\ConsoleOutput))
#36 {main}
"} 
